<?xml version="1.0" encoding="UTF-8"?>
<!-- Generated by org.testng.reporters.JUnitXMLReporter -->
<testsuite ignored="0" hostname="LAPTOP-OBE4J3BP" failures="0" tests="7" name="AllTests" time="99.309" errors="0" timestamp="2026-06-23T17:23:13 IST">
  <testcase classname="tests.LoginTestNG" name="verifyLogin" time="6.404"/>
  <testcase classname="tests.AddToCartTest" name="verifyAddToCart" time="20.193"/>
  <testcase classname="tests.CheckoutTest" name="verifyCheckout" time="20.393"/>
  <testcase classname="tests.LogoutTest" name="verifyLogout" time="11.776"/>
  <testcase classname="tests.DataDrivenLoginTest" name="verifyLogin" time="7.545"/>
  <testcase classname="tests.DataDrivenLoginTest" name="verifyLogin" time="7.473"/>
  <testcase classname="tests.DataDrivenLoginTest" name="verifyLogin" time="7.494"/>
</testsuite> <!-- AllTests -->
