<?xml version="1.0" encoding="UTF-8"?>
<testng-results ignored="0" total="7" passed="7" failed="0" skipped="0">
  <reporter-output>
  </reporter-output>
  <suite started-at="2026-06-23T17:21:34 IST" name="SeleniumFrameworkSuite" finished-at="2026-06-23T17:23:13 IST" duration-ms="99309">
    <groups>
    </groups>
    <test started-at="2026-06-23T17:21:34 IST" name="AllTests" finished-at="2026-06-23T17:23:13 IST" duration-ms="99309">
      <class name="tests.LoginTestNG">
        <test-method is-config="true" signature="setup()[pri:0, instance:tests.LoginTestNG@34e9fd99]" started-at="2026-06-23T17:21:34 IST" name="setup" finished-at="2026-06-23T17:21:37 IST" duration-ms="2910" status="PASS">
          <reporter-output>
          </reporter-output>
        </test-method> <!-- setup -->
        <test-method signature="verifyLogin()[pri:0, instance:tests.LoginTestNG@34e9fd99]" started-at="2026-06-23T17:21:37 IST" name="verifyLogin" finished-at="2026-06-23T17:21:44 IST" duration-ms="6404" status="PASS">
          <reporter-output>
          </reporter-output>
        </test-method> <!-- verifyLogin -->
        <test-method is-config="true" signature="closeBrowser()[pri:0, instance:tests.LoginTestNG@34e9fd99]" started-at="2026-06-23T17:21:44 IST" name="closeBrowser" finished-at="2026-06-23T17:21:44 IST" duration-ms="320" status="PASS">
          <reporter-output>
          </reporter-output>
        </test-method> <!-- closeBrowser -->
      </class> <!-- tests.LoginTestNG -->
      <class name="tests.AddToCartTest">
        <test-method is-config="true" signature="setup()[pri:0, instance:tests.AddToCartTest@302552ec]" started-at="2026-06-23T17:21:44 IST" name="setup" finished-at="2026-06-23T17:21:46 IST" duration-ms="2044" status="PASS">
          <reporter-output>
          </reporter-output>
        </test-method> <!-- setup -->
        <test-method signature="verifyAddToCart()[pri:0, instance:tests.AddToCartTest@302552ec]" started-at="2026-06-23T17:21:46 IST" name="verifyAddToCart" finished-at="2026-06-23T17:22:06 IST" duration-ms="20193" status="PASS">
          <reporter-output>
          </reporter-output>
        </test-method> <!-- verifyAddToCart -->
        <test-method is-config="true" signature="closeBrowser()[pri:0, instance:tests.AddToCartTest@302552ec]" started-at="2026-06-23T17:22:06 IST" name="closeBrowser" finished-at="2026-06-23T17:22:06 IST" duration-ms="335" status="PASS">
          <reporter-output>
          </reporter-output>
        </test-method> <!-- closeBrowser -->
      </class> <!-- tests.AddToCartTest -->
      <class name="tests.CheckoutTest">
        <test-method is-config="true" signature="setup()[pri:0, instance:tests.CheckoutTest@3d285d7e]" started-at="2026-06-23T17:22:06 IST" name="setup" finished-at="2026-06-23T17:22:09 IST" duration-ms="2214" status="PASS">
          <reporter-output>
          </reporter-output>
        </test-method> <!-- setup -->
        <test-method signature="verifyCheckout()[pri:0, instance:tests.CheckoutTest@3d285d7e]" started-at="2026-06-23T17:22:09 IST" name="verifyCheckout" finished-at="2026-06-23T17:22:29 IST" duration-ms="20393" status="PASS">
          <reporter-output>
          </reporter-output>
        </test-method> <!-- verifyCheckout -->
        <test-method is-config="true" signature="closeBrowser()[pri:0, instance:tests.CheckoutTest@3d285d7e]" started-at="2026-06-23T17:22:29 IST" name="closeBrowser" finished-at="2026-06-23T17:22:29 IST" duration-ms="301" status="PASS">
          <reporter-output>
          </reporter-output>
        </test-method> <!-- closeBrowser -->
      </class> <!-- tests.CheckoutTest -->
      <class name="tests.DataDrivenLoginTest">
        <test-method is-config="true" signature="setup()[pri:0, instance:tests.DataDrivenLoginTest@2cd76f31]" started-at="2026-06-23T17:22:44 IST" name="setup" finished-at="2026-06-23T17:22:46 IST" duration-ms="1957" status="PASS">
          <reporter-output>
          </reporter-output>
        </test-method> <!-- setup -->
        <test-method signature="verifyLogin(java.lang.String,java.lang.String)[pri:0, instance:tests.DataDrivenLoginTest@2cd76f31]" started-at="2026-06-23T17:22:46 IST" name="verifyLogin" data-provider="loginData" finished-at="2026-06-23T17:22:53 IST" duration-ms="7545" status="PASS">
          <params>
            <param index="0">
              <value>
                <![CDATA[standard_user]]>
              </value>
            </param>
            <param index="1">
              <value>
                <![CDATA[secret_sauce]]>
              </value>
            </param>
          </params>
          <reporter-output>
          </reporter-output>
        </test-method> <!-- verifyLogin -->
        <test-method is-config="true" signature="closeBrowser()[pri:0, instance:tests.DataDrivenLoginTest@2cd76f31]" started-at="2026-06-23T17:22:53 IST" name="closeBrowser" finished-at="2026-06-23T17:22:54 IST" duration-ms="288" status="PASS">
          <reporter-output>
          </reporter-output>
        </test-method> <!-- closeBrowser -->
        <test-method is-config="true" signature="setup()[pri:0, instance:tests.DataDrivenLoginTest@2cd76f31]" started-at="2026-06-23T17:22:54 IST" name="setup" finished-at="2026-06-23T17:22:56 IST" duration-ms="2427" status="PASS">
          <reporter-output>
          </reporter-output>
        </test-method> <!-- setup -->
        <test-method signature="verifyLogin(java.lang.String,java.lang.String)[pri:0, instance:tests.DataDrivenLoginTest@2cd76f31]" started-at="2026-06-23T17:22:56 IST" name="verifyLogin" data-provider="loginData" finished-at="2026-06-23T17:23:03 IST" duration-ms="7473" status="PASS">
          <params>
            <param index="0">
              <value>
                <![CDATA[locked_out_user]]>
              </value>
            </param>
            <param index="1">
              <value>
                <![CDATA[secret_sauce]]>
              </value>
            </param>
          </params>
          <reporter-output>
          </reporter-output>
        </test-method> <!-- verifyLogin -->
        <test-method is-config="true" signature="closeBrowser()[pri:0, instance:tests.DataDrivenLoginTest@2cd76f31]" started-at="2026-06-23T17:23:03 IST" name="closeBrowser" finished-at="2026-06-23T17:23:04 IST" duration-ms="280" status="PASS">
          <reporter-output>
          </reporter-output>
        </test-method> <!-- closeBrowser -->
        <test-method is-config="true" signature="setup()[pri:0, instance:tests.DataDrivenLoginTest@2cd76f31]" started-at="2026-06-23T17:23:04 IST" name="setup" finished-at="2026-06-23T17:23:06 IST" duration-ms="1961" status="PASS">
          <reporter-output>
          </reporter-output>
        </test-method> <!-- setup -->
        <test-method signature="verifyLogin(java.lang.String,java.lang.String)[pri:0, instance:tests.DataDrivenLoginTest@2cd76f31]" started-at="2026-06-23T17:23:06 IST" name="verifyLogin" data-provider="loginData" finished-at="2026-06-23T17:23:13 IST" duration-ms="7494" status="PASS">
          <params>
            <param index="0">
              <value>
                <![CDATA[problem_user]]>
              </value>
            </param>
            <param index="1">
              <value>
                <![CDATA[secret_sauce]]>
              </value>
            </param>
          </params>
          <reporter-output>
          </reporter-output>
        </test-method> <!-- verifyLogin -->
        <test-method is-config="true" signature="closeBrowser()[pri:0, instance:tests.DataDrivenLoginTest@2cd76f31]" started-at="2026-06-23T17:23:13 IST" name="closeBrowser" finished-at="2026-06-23T17:23:13 IST" duration-ms="291" status="PASS">
          <reporter-output>
          </reporter-output>
        </test-method> <!-- closeBrowser -->
      </class> <!-- tests.DataDrivenLoginTest -->
      <class name="tests.LogoutTest">
        <test-method is-config="true" signature="setup()[pri:0, instance:tests.LogoutTest@40005471]" started-at="2026-06-23T17:22:29 IST" name="setup" finished-at="2026-06-23T17:22:32 IST" duration-ms="2318" status="PASS">
          <reporter-output>
          </reporter-output>
        </test-method> <!-- setup -->
        <test-method signature="verifyLogout()[pri:0, instance:tests.LogoutTest@40005471]" started-at="2026-06-23T17:22:32 IST" name="verifyLogout" finished-at="2026-06-23T17:22:43 IST" duration-ms="11776" status="PASS">
          <reporter-output>
          </reporter-output>
        </test-method> <!-- verifyLogout -->
        <test-method is-config="true" signature="closeBrowser()[pri:0, instance:tests.LogoutTest@40005471]" started-at="2026-06-23T17:22:43 IST" name="closeBrowser" finished-at="2026-06-23T17:22:44 IST" duration-ms="289" status="PASS">
          <reporter-output>
          </reporter-output>
        </test-method> <!-- closeBrowser -->
      </class> <!-- tests.LogoutTest -->
    </test> <!-- AllTests -->
  </suite> <!-- SeleniumFrameworkSuite -->
</testng-results>
