<?xml version="1.0" encoding="UTF-8"?>
<!-- Generated by org.testng.reporters.JUnitReportReporter -->
<testsuite hostname="LAPTOP-OBE4J3BP" failures="0" tests="3" name="tests.DataDrivenLoginTest" time="29.716" errors="0" timestamp="2026-06-23T17:23:14 IST" skipped="0">
  <testcase classname="tests.DataDrivenLoginTest" name="verifyLogin" time="9.718"/>
  <testcase classname="tests.DataDrivenLoginTest" name="verifyLogin" time="9.797"/>
  <testcase classname="tests.DataDrivenLoginTest" name="verifyLogin" time="10.201"/>
</testsuite> <!-- tests.DataDrivenLoginTest -->
